[debug] [2020-05-08T19:52:15.079Z] ----------------------------------------------------------------------
[debug] [2020-05-08T19:52:15.081Z] Command:       /usr/local/Cellar/node/14.1.0/bin/node /usr/local/bin/firebase deploy --debug
[debug] [2020-05-08T19:52:15.081Z] CLI Version:   8.2.0
[debug] [2020-05-08T19:52:15.081Z] Platform:      darwin
[debug] [2020-05-08T19:52:15.081Z] Node Version:  v14.1.0
[debug] [2020-05-08T19:52:15.082Z] Time:          Fri May 08 2020 15:52:15 GMT-0400 (Eastern Daylight Time)
[debug] [2020-05-08T19:52:15.082Z] ----------------------------------------------------------------------
[debug] [2020-05-08T19:52:15.082Z] 
[debug] [2020-05-08T19:52:15.088Z] > command requires scopes: ["email","openid","https://www.googleapis.com/auth/cloudplatformprojects.readonly","https://www.googleapis.com/auth/firebase","https://www.googleapis.com/auth/cloud-platform"]
[debug] [2020-05-08T19:52:15.089Z] > authorizing via signed-in user
[debug] [2020-05-08T19:52:15.089Z] [iam] checking project test-demo-cb0fd for permissions ["cloudfunctions.functions.create","cloudfunctions.functions.delete","cloudfunctions.functions.get","cloudfunctions.functions.list","cloudfunctions.functions.update","cloudfunctions.operations.get","firebase.projects.get"]
[debug] [2020-05-08T19:52:15.092Z] >>> HTTP REQUEST POST https://cloudresourcemanager.googleapis.com/v1/projects/test-demo-cb0fd:testIamPermissions  
 {"permissions":["cloudfunctions.functions.create","cloudfunctions.functions.delete","cloudfunctions.functions.get","cloudfunctions.functions.list","cloudfunctions.functions.update","cloudfunctions.operations.get","firebase.projects.get"]}
[debug] [2020-05-08T19:52:15.391Z] <<< HTTP RESPONSE 200 {"content-type":"application/json; charset=UTF-8","vary":"X-Origin, Referer, Origin,Accept-Encoding","date":"Fri, 08 May 2020 19:52:15 GMT","server":"ESF","cache-control":"private","x-xss-protection":"0","x-frame-options":"SAMEORIGIN","x-content-type-options":"nosniff","server-timing":"gfet4t7; dur=202","alt-svc":"h3-27=\":443\"; ma=2592000,h3-25=\":443\"; ma=2592000,h3-Q050=\":443\"; ma=2592000,h3-Q049=\":443\"; ma=2592000,h3-Q048=\":443\"; ma=2592000,h3-Q046=\":443\"; ma=2592000,h3-Q043=\":443\"; ma=2592000,quic=\":443\"; ma=2592000; v=\"46,43\"","accept-ranges":"none","transfer-encoding":"chunked"}
[debug] [2020-05-08T19:52:15.392Z] >>> HTTP REQUEST POST https://iam.googleapis.com/v1/projects/test-demo-cb0fd/serviceAccounts/test-demo-cb0fd@appspot.gserviceaccount.com:testIamPermissions  
 {"permissions":["iam.serviceAccounts.actAs"]}
[debug] [2020-05-08T19:52:15.709Z] <<< HTTP RESPONSE 200 {"content-type":"application/json; charset=UTF-8","vary":"X-Origin, Referer, Origin,Accept-Encoding","date":"Fri, 08 May 2020 19:52:15 GMT","server":"ESF","cache-control":"private","x-xss-protection":"0","x-frame-options":"SAMEORIGIN","x-content-type-options":"nosniff","alt-svc":"h3-27=\":443\"; ma=2592000,h3-25=\":443\"; ma=2592000,h3-Q050=\":443\"; ma=2592000,h3-Q049=\":443\"; ma=2592000,h3-Q048=\":443\"; ma=2592000,h3-Q046=\":443\"; ma=2592000,h3-Q043=\":443\"; ma=2592000,quic=\":443\"; ma=2592000; v=\"46,43\"","accept-ranges":"none","transfer-encoding":"chunked"}
[info] 
[info] === Deploying to 'test-demo-cb0fd'...
[info] 
[info] i  deploying functions
[debug] [2020-05-08T19:52:16.944Z] > [functions] package.json contents: {
  "name": "functions",
  "description": "Cloud Functions for Firebase",
  "scripts": {
    "serve": "firebase serve --only functions",
    "shell": "firebase functions:shell",
    "start": "npm run shell",
    "deploy": "firebase deploy --only functions",
    "logs": "firebase functions:log"
  },
  "engines": {
    "node": "10"
  },
  "dependencies": {
    "body-parser": "^1.19.0",
    "cors": "^2.8.5",
    "express": "^4.17.1",
    "firebase-admin": "^8.0.0",
    "firebase-functions": "^3.1.0",
    "moment": "^2.24.0",
    "morgan": "^1.9.1"
  },
  "devDependencies": {
    "firebase-functions-test": "^0.1.6"
  },
  "private": true
}
[info] i  functions: ensuring required API cloudfunctions.googleapis.com is enabled...
[debug] [2020-05-08T19:52:17.674Z] [functions] runtime dependency check dates: warning: 2020-05-12T00:00:00.000Z error: 2020-06-23T00:00:00.000Z
[debug] [2020-05-08T19:52:17.674Z] >>> HTTP REQUEST GET https://serviceusage.googleapis.com/v1/projects/test-demo-cb0fd/services/cloudfunctions.googleapis.com  
 
[debug] [2020-05-08T19:52:17.674Z] >>> HTTP REQUEST GET https://serviceusage.googleapis.com/v1/projects/test-demo-cb0fd/services/runtimeconfig.googleapis.com  
 
[debug] [2020-05-08T19:52:18.055Z] <<< HTTP RESPONSE 200 {"content-type":"application/json; charset=UTF-8","vary":"X-Origin, Referer, Origin,Accept-Encoding","date":"Fri, 08 May 2020 19:52:18 GMT","server":"ESF","cache-control":"private","x-xss-protection":"0","x-frame-options":"SAMEORIGIN","x-content-type-options":"nosniff","alt-svc":"h3-27=\":443\"; ma=2592000,h3-25=\":443\"; ma=2592000,h3-Q050=\":443\"; ma=2592000,h3-Q049=\":443\"; ma=2592000,h3-Q048=\":443\"; ma=2592000,h3-Q046=\":443\"; ma=2592000,h3-Q043=\":443\"; ma=2592000,quic=\":443\"; ma=2592000; v=\"46,43\"","accept-ranges":"none","transfer-encoding":"chunked"}
[debug] [2020-05-08T19:52:18.070Z] <<< HTTP RESPONSE 200 {"content-type":"application/json; charset=UTF-8","vary":"X-Origin, Referer, Origin,Accept-Encoding","date":"Fri, 08 May 2020 19:52:18 GMT","server":"ESF","cache-control":"private","x-xss-protection":"0","x-frame-options":"SAMEORIGIN","x-content-type-options":"nosniff","alt-svc":"h3-27=\":443\"; ma=2592000,h3-25=\":443\"; ma=2592000,h3-Q050=\":443\"; ma=2592000,h3-Q049=\":443\"; ma=2592000,h3-Q048=\":443\"; ma=2592000,h3-Q046=\":443\"; ma=2592000,h3-Q043=\":443\"; ma=2592000,quic=\":443\"; ma=2592000; v=\"46,43\"","accept-ranges":"none","transfer-encoding":"chunked"}
[info] ✔  functions: required API cloudfunctions.googleapis.com is enabled
[debug] [2020-05-08T19:52:18.071Z] >>> HTTP REQUEST GET https://firebase.googleapis.com/v1beta1/projects/test-demo-cb0fd/adminSdkConfig  
 
[debug] [2020-05-08T19:52:18.256Z] <<< HTTP RESPONSE 200 {"content-type":"application/json; charset=UTF-8","vary":"X-Origin, Referer, Origin,Accept-Encoding","date":"Fri, 08 May 2020 19:52:18 GMT","server":"ESF","cache-control":"private","x-xss-protection":"0","x-frame-options":"SAMEORIGIN","x-content-type-options":"nosniff","alt-svc":"h3-27=\":443\"; ma=2592000,h3-25=\":443\"; ma=2592000,h3-Q050=\":443\"; ma=2592000,h3-Q049=\":443\"; ma=2592000,h3-Q048=\":443\"; ma=2592000,h3-Q046=\":443\"; ma=2592000,h3-Q043=\":443\"; ma=2592000,quic=\":443\"; ma=2592000; v=\"46,43\"","accept-ranges":"none","transfer-encoding":"chunked"}
[info] i  functions: preparing functions directory for uploading...
[debug] [2020-05-08T19:52:18.258Z] >>> HTTP REQUEST GET https://runtimeconfig.googleapis.com/v1beta1/projects/test-demo-cb0fd/configs  
 
[debug] [2020-05-08T19:52:18.442Z] <<< HTTP RESPONSE 200 {"content-type":"application/json; charset=UTF-8","vary":"X-Origin, Referer, Origin,Accept-Encoding","date":"Fri, 08 May 2020 19:52:18 GMT","server":"ESF","cache-control":"private","x-xss-protection":"0","x-frame-options":"SAMEORIGIN","x-content-type-options":"nosniff","alt-svc":"h3-27=\":443\"; ma=2592000,h3-25=\":443\"; ma=2592000,h3-Q050=\":443\"; ma=2592000,h3-Q049=\":443\"; ma=2592000,h3-Q048=\":443\"; ma=2592000,h3-Q046=\":443\"; ma=2592000,h3-Q043=\":443\"; ma=2592000,quic=\":443\"; ma=2592000; v=\"46,43\"","accept-ranges":"none","transfer-encoding":"chunked"}
[info] i  functions: packaged functions (55.98 KB) for uploading
[debug] [2020-05-08T19:52:18.759Z] >>> HTTP REQUEST GET https://cloudfunctions.googleapis.com/v1/projects/test-demo-cb0fd/locations/-/functions  
 
[debug] [2020-05-08T19:52:19.148Z] <<< HTTP RESPONSE 200 {"content-type":"application/json; charset=UTF-8","vary":"X-Origin, Referer, Origin,Accept-Encoding","date":"Fri, 08 May 2020 19:52:19 GMT","server":"ESF","cache-control":"private","x-xss-protection":"0","x-frame-options":"SAMEORIGIN","x-content-type-options":"nosniff","alt-svc":"h3-27=\":443\"; ma=2592000,h3-25=\":443\"; ma=2592000,h3-Q050=\":443\"; ma=2592000,h3-Q049=\":443\"; ma=2592000,h3-Q048=\":443\"; ma=2592000,h3-Q046=\":443\"; ma=2592000,h3-Q043=\":443\"; ma=2592000,quic=\":443\"; ma=2592000; v=\"46,43\"","accept-ranges":"none","transfer-encoding":"chunked"}
[debug] [2020-05-08T19:52:19.149Z] [functions] found 1 new HTTP functions, testing setIamPolicy permission...
[debug] [2020-05-08T19:52:19.149Z] >>> HTTP REQUEST POST https://cloudresourcemanager.googleapis.com/v1/projects/test-demo-cb0fd:testIamPermissions  
 {"permissions":["cloudfunctions.functions.setIamPolicy"]}
[debug] [2020-05-08T19:52:19.457Z] <<< HTTP RESPONSE 200 {"content-type":"application/json; charset=UTF-8","vary":"X-Origin, Referer, Origin,Accept-Encoding","date":"Fri, 08 May 2020 19:52:19 GMT","server":"ESF","cache-control":"private","x-xss-protection":"0","x-frame-options":"SAMEORIGIN","x-content-type-options":"nosniff","server-timing":"gfet4t7; dur=207","alt-svc":"h3-27=\":443\"; ma=2592000,h3-25=\":443\"; ma=2592000,h3-Q050=\":443\"; ma=2592000,h3-Q049=\":443\"; ma=2592000,h3-Q048=\":443\"; ma=2592000,h3-Q046=\":443\"; ma=2592000,h3-Q043=\":443\"; ma=2592000,quic=\":443\"; ma=2592000; v=\"46,43\"","accept-ranges":"none","transfer-encoding":"chunked"}
[debug] [2020-05-08T19:52:19.457Z] [functions] found setIamPolicy permission, proceeding with deploy
[debug] [2020-05-08T19:52:19.458Z] >>> HTTP REQUEST POST https://cloudfunctions.googleapis.com/v1/projects/test-demo-cb0fd/locations/us-central1/functions:generateUploadUrl  
 
[debug] [2020-05-08T19:52:19.982Z] <<< HTTP RESPONSE 200 {"content-type":"application/json; charset=UTF-8","vary":"X-Origin, Referer, Origin,Accept-Encoding","date":"Fri, 08 May 2020 19:52:19 GMT","server":"ESF","cache-control":"private","x-xss-protection":"0","x-frame-options":"SAMEORIGIN","x-content-type-options":"nosniff","alt-svc":"h3-27=\":443\"; ma=2592000,h3-25=\":443\"; ma=2592000,h3-Q050=\":443\"; ma=2592000,h3-Q049=\":443\"; ma=2592000,h3-Q048=\":443\"; ma=2592000,h3-Q046=\":443\"; ma=2592000,h3-Q043=\":443\"; ma=2592000,quic=\":443\"; ma=2592000; v=\"46,43\"","accept-ranges":"none","transfer-encoding":"chunked"}
[debug] [2020-05-08T19:52:19.982Z] >>> HTTP REQUEST PUT https://storage.googleapis.com/gcf-upload-us-central1-dbe59787-58fd-42f1-9f5d-dc05ae368e1e/5beda805-192e-4c66-a1b2-24007541a719.zip?GoogleAccessId=service-24095455162@gcf-admin-robot.iam.gserviceaccount.com&Expires=1588969339&Signature=Zqcd6J1Ab5uCHdXYeBcLMIy0DsZOvrTZrRu4Fq7jRCZeLy6xda%2Fc8GLcolLMU%2BUYzHgvNEJKgMpM%2BUJ04VrPrALGZemmQC7Q9R6QC%2B14O3WLnHRvsH877WM%2FxxwH1h4su6oLMtJkevvDHhhbcWB7otXYaSrQlqoCii3K5FsES4Lp%2BMOYZih5qBpCEWEtQJlyS4ulmDXDzuTID%2FDDoISZZz7itxsDy1vZm3KjpQCZpDNbId8LG4dX6rXKmbAgN9b7gonpYif%2F8JnW4E%2B3sFNOiwQgsrfEsX7SeQyaAW5QdrAKgcQTfnz2weLP5XLHcdoRFPwrVX0BA25FgulRzeRHXg%3D%3D  
 <request body omitted>
[debug] [2020-05-08T19:52:20.265Z] <<< HTTP RESPONSE 200 {"x-guploader-uploadid":"AAANsUnvoO3oigbtmYVO2uTWNrZ5K19siTfk5y_guYFiZjb3zSP2zGueRodJEmNEBVTYAj7dr3ORC2uzmFLb76jl1sI","etag":"\"53496211a9ab395d51255b375684d76b\"","x-goog-generation":"1588967540237365","x-goog-metageneration":"1","x-goog-hash":"crc32c=6CGHkg==, md5=U0liEamrOV1RJVs3VoTXaw==","x-goog-stored-content-length":"57325","x-goog-stored-content-encoding":"identity","vary":"Origin","content-length":"0","date":"Fri, 08 May 2020 19:52:20 GMT","server":"UploadServer","content-type":"text/html; charset=UTF-8","alt-svc":"h3-27=\":443\"; ma=2592000,h3-25=\":443\"; ma=2592000,h3-Q050=\":443\"; ma=2592000,h3-Q049=\":443\"; ma=2592000,h3-Q048=\":443\"; ma=2592000,h3-Q046=\":443\"; ma=2592000,h3-Q043=\":443\"; ma=2592000,quic=\":443\"; ma=2592000; v=\"46,43\""}
[info] ✔  functions: functions folder uploaded successfully
[info] i  functions: creating Node.js 10 function api(us-central1)...
[debug] [2020-05-08T19:52:20.269Z] Trigger is:  {"httpsTrigger":{}}
[debug] [2020-05-08T19:52:20.269Z] >>> HTTP REQUEST GET https://serviceusage.googleapis.com/v1/projects/test-demo-cb0fd/services/cloudscheduler.googleapis.com  
 
[debug] [2020-05-08T19:52:20.588Z] <<< HTTP RESPONSE 200 {"content-type":"application/json; charset=UTF-8","vary":"X-Origin, Referer, Origin,Accept-Encoding","date":"Fri, 08 May 2020 19:52:20 GMT","server":"ESF","cache-control":"private","x-xss-protection":"0","x-frame-options":"SAMEORIGIN","x-content-type-options":"nosniff","alt-svc":"h3-27=\":443\"; ma=2592000,h3-25=\":443\"; ma=2592000,h3-Q050=\":443\"; ma=2592000,h3-Q049=\":443\"; ma=2592000,h3-Q048=\":443\"; ma=2592000,h3-Q046=\":443\"; ma=2592000,h3-Q043=\":443\"; ma=2592000,quic=\":443\"; ma=2592000; v=\"46,43\"","accept-ranges":"none","transfer-encoding":"chunked"}
[debug] [2020-05-08T19:52:20.590Z] >>> HTTP REQUEST POST https://cloudfunctions.googleapis.com/v1/projects/test-demo-cb0fd/locations/us-central1/functions  
 {"sourceUploadUrl":"https://storage.googleapis.com/gcf-upload-us-central1-dbe59787-58fd-42f1-9f5d-dc05ae368e1e/5beda805-192e-4c66-a1b2-24007541a719.zip?GoogleAccessId=service-24095455162@gcf-admin-robot.iam.gserviceaccount.com&Expires=1588969339&Signature=Zqcd6J1Ab5uCHdXYeBcLMIy0DsZOvrTZrRu4Fq7jRCZeLy6xda%2Fc8GLcolLMU%2BUYzHgvNEJKgMpM%2BUJ04VrPrALGZemmQC7Q9R6QC%2B14O3WLnHRvsH877WM%2FxxwH1h4su6oLMtJkevvDHhhbcWB7otXYaSrQlqoCii3K5FsES4Lp%2BMOYZih5qBpCEWEtQJlyS4ulmDXDzuTID%2FDDoISZZz7itxsDy1vZm3KjpQCZpDNbId8LG4dX6rXKmbAgN9b7gonpYif%2F8JnW4E%2B3sFNOiwQgsrfEsX7SeQyaAW5QdrAKgcQTfnz2weLP5XLHcdoRFPwrVX0BA25FgulRzeRHXg%3D%3D","name":"projects/test-demo-cb0fd/locations/us-central1/functions/api","entryPoint":"api","labels":{"deployment-tool":"cli-firebase"},"runtime":"nodejs10","httpsTrigger":{}}
[debug] [2020-05-08T19:52:21.230Z] <<< HTTP RESPONSE 200 {"content-type":"application/json; charset=UTF-8","vary":"X-Origin, Referer, Origin,Accept-Encoding","date":"Fri, 08 May 2020 19:52:21 GMT","server":"ESF","cache-control":"private","x-xss-protection":"0","x-frame-options":"SAMEORIGIN","x-content-type-options":"nosniff","alt-svc":"h3-27=\":443\"; ma=2592000,h3-25=\":443\"; ma=2592000,h3-Q050=\":443\"; ma=2592000,h3-Q049=\":443\"; ma=2592000,h3-Q048=\":443\"; ma=2592000,h3-Q046=\":443\"; ma=2592000,h3-Q043=\":443\"; ma=2592000,quic=\":443\"; ma=2592000; v=\"46,43\"","accept-ranges":"none","transfer-encoding":"chunked"}
[debug] [2020-05-08T19:52:21.230Z] Setting public policy for function api
[debug] [2020-05-08T19:52:21.230Z] >>> HTTP REQUEST POST https://cloudfunctions.googleapis.com/v1/projects/test-demo-cb0fd/locations/us-central1/functions/api:setIamPolicy  
 {"policy":{"version":3,"bindings":[{"role":"roles/cloudfunctions.invoker","members":["allUsers"]}]},"updateMask":"version,bindings"}
[debug] [2020-05-08T19:52:21.648Z] <<< HTTP RESPONSE 200 {"content-type":"application/json; charset=UTF-8","vary":"X-Origin, Referer, Origin,Accept-Encoding","date":"Fri, 08 May 2020 19:52:21 GMT","server":"ESF","cache-control":"private","x-xss-protection":"0","x-frame-options":"SAMEORIGIN","x-content-type-options":"nosniff","alt-svc":"h3-27=\":443\"; ma=2592000,h3-25=\":443\"; ma=2592000,h3-Q050=\":443\"; ma=2592000,h3-Q049=\":443\"; ma=2592000,h3-Q048=\":443\"; ma=2592000,h3-Q046=\":443\"; ma=2592000,h3-Q043=\":443\"; ma=2592000,quic=\":443\"; ma=2592000; v=\"46,43\"","accept-ranges":"none","transfer-encoding":"chunked"}
[debug] [2020-05-08T19:52:21.650Z] >>> HTTP REQUEST GET https://cloudfunctions.googleapis.com/v1/projects/test-demo-cb0fd/locations/-/functions  
 
[debug] [2020-05-08T19:52:21.980Z] <<< HTTP RESPONSE 200 {"content-type":"application/json; charset=UTF-8","vary":"X-Origin, Referer, Origin,Accept-Encoding","date":"Fri, 08 May 2020 19:52:21 GMT","server":"ESF","cache-control":"private","x-xss-protection":"0","x-frame-options":"SAMEORIGIN","x-content-type-options":"nosniff","alt-svc":"h3-27=\":443\"; ma=2592000,h3-25=\":443\"; ma=2592000,h3-Q050=\":443\"; ma=2592000,h3-Q049=\":443\"; ma=2592000,h3-Q048=\":443\"; ma=2592000,h3-Q046=\":443\"; ma=2592000,h3-Q043=\":443\"; ma=2592000,quic=\":443\"; ma=2592000; v=\"46,43\"","accept-ranges":"none","transfer-encoding":"chunked"}
[debug] [2020-05-08T19:52:21.981Z] >>> HTTP REQUEST GET https://cloudfunctions.googleapis.com/v1/operations/dGVzdC1kZW1vLWNiMGZkL3VzLWNlbnRyYWwxL2FwaS83S2xmZGZKZ3FXMA  
 
[debug] [2020-05-08T19:52:22.151Z] <<< HTTP RESPONSE 200 {"content-type":"application/json; charset=UTF-8","vary":"X-Origin, Referer, Origin,Accept-Encoding","date":"Fri, 08 May 2020 19:52:22 GMT","server":"ESF","cache-control":"private","x-xss-protection":"0","x-frame-options":"SAMEORIGIN","x-content-type-options":"nosniff","alt-svc":"h3-27=\":443\"; ma=2592000,h3-25=\":443\"; ma=2592000,h3-Q050=\":443\"; ma=2592000,h3-Q049=\":443\"; ma=2592000,h3-Q048=\":443\"; ma=2592000,h3-Q046=\":443\"; ma=2592000,h3-Q043=\":443\"; ma=2592000,quic=\":443\"; ma=2592000; v=\"46,43\"","accept-ranges":"none","transfer-encoding":"chunked"}
[debug] [2020-05-08T19:52:24.156Z] >>> HTTP REQUEST GET https://cloudfunctions.googleapis.com/v1/operations/dGVzdC1kZW1vLWNiMGZkL3VzLWNlbnRyYWwxL2FwaS83S2xmZGZKZ3FXMA  
 
[debug] [2020-05-08T19:52:24.344Z] <<< HTTP RESPONSE 200 {"content-type":"application/json; charset=UTF-8","vary":"X-Origin, Referer, Origin,Accept-Encoding","date":"Fri, 08 May 2020 19:52:24 GMT","server":"ESF","cache-control":"private","x-xss-protection":"0","x-frame-options":"SAMEORIGIN","x-content-type-options":"nosniff","alt-svc":"h3-27=\":443\"; ma=2592000,h3-25=\":443\"; ma=2592000,h3-Q050=\":443\"; ma=2592000,h3-Q049=\":443\"; ma=2592000,h3-Q048=\":443\"; ma=2592000,h3-Q046=\":443\"; ma=2592000,h3-Q043=\":443\"; ma=2592000,quic=\":443\"; ma=2592000; v=\"46,43\"","accept-ranges":"none","transfer-encoding":"chunked"}
[debug] [2020-05-08T19:52:26.347Z] >>> HTTP REQUEST GET https://cloudfunctions.googleapis.com/v1/operations/dGVzdC1kZW1vLWNiMGZkL3VzLWNlbnRyYWwxL2FwaS83S2xmZGZKZ3FXMA  
 
[debug] [2020-05-08T19:52:26.496Z] <<< HTTP RESPONSE 200 {"content-type":"application/json; charset=UTF-8","vary":"X-Origin, Referer, Origin,Accept-Encoding","date":"Fri, 08 May 2020 19:52:26 GMT","server":"ESF","cache-control":"private","x-xss-protection":"0","x-frame-options":"SAMEORIGIN","x-content-type-options":"nosniff","alt-svc":"h3-27=\":443\"; ma=2592000,h3-25=\":443\"; ma=2592000,h3-Q050=\":443\"; ma=2592000,h3-Q049=\":443\"; ma=2592000,h3-Q048=\":443\"; ma=2592000,h3-Q046=\":443\"; ma=2592000,h3-Q043=\":443\"; ma=2592000,quic=\":443\"; ma=2592000; v=\"46,43\"","accept-ranges":"none","transfer-encoding":"chunked"}
[debug] [2020-05-08T19:52:28.500Z] >>> HTTP REQUEST GET https://cloudfunctions.googleapis.com/v1/operations/dGVzdC1kZW1vLWNiMGZkL3VzLWNlbnRyYWwxL2FwaS83S2xmZGZKZ3FXMA  
 
[debug] [2020-05-08T19:52:28.745Z] <<< HTTP RESPONSE 200 {"content-type":"application/json; charset=UTF-8","vary":"X-Origin, Referer, Origin,Accept-Encoding","date":"Fri, 08 May 2020 19:52:28 GMT","server":"ESF","cache-control":"private","x-xss-protection":"0","x-frame-options":"SAMEORIGIN","x-content-type-options":"nosniff","alt-svc":"h3-27=\":443\"; ma=2592000,h3-25=\":443\"; ma=2592000,h3-Q050=\":443\"; ma=2592000,h3-Q049=\":443\"; ma=2592000,h3-Q048=\":443\"; ma=2592000,h3-Q046=\":443\"; ma=2592000,h3-Q043=\":443\"; ma=2592000,quic=\":443\"; ma=2592000; v=\"46,43\"","accept-ranges":"none","transfer-encoding":"chunked"}
[debug] [2020-05-08T19:52:30.749Z] >>> HTTP REQUEST GET https://cloudfunctions.googleapis.com/v1/operations/dGVzdC1kZW1vLWNiMGZkL3VzLWNlbnRyYWwxL2FwaS83S2xmZGZKZ3FXMA  
 
[debug] [2020-05-08T19:52:30.914Z] <<< HTTP RESPONSE 200 {"content-type":"application/json; charset=UTF-8","vary":"X-Origin, Referer, Origin,Accept-Encoding","date":"Fri, 08 May 2020 19:52:30 GMT","server":"ESF","cache-control":"private","x-xss-protection":"0","x-frame-options":"SAMEORIGIN","x-content-type-options":"nosniff","alt-svc":"h3-27=\":443\"; ma=2592000,h3-25=\":443\"; ma=2592000,h3-Q050=\":443\"; ma=2592000,h3-Q049=\":443\"; ma=2592000,h3-Q048=\":443\"; ma=2592000,h3-Q046=\":443\"; ma=2592000,h3-Q043=\":443\"; ma=2592000,quic=\":443\"; ma=2592000; v=\"46,43\"","accept-ranges":"none","transfer-encoding":"chunked"}
[debug] [2020-05-08T19:52:32.914Z] >>> HTTP REQUEST GET https://cloudfunctions.googleapis.com/v1/operations/dGVzdC1kZW1vLWNiMGZkL3VzLWNlbnRyYWwxL2FwaS83S2xmZGZKZ3FXMA  
 
[debug] [2020-05-08T19:52:33.135Z] <<< HTTP RESPONSE 200 {"content-type":"application/json; charset=UTF-8","vary":"X-Origin, Referer, Origin,Accept-Encoding","date":"Fri, 08 May 2020 19:52:33 GMT","server":"ESF","cache-control":"private","x-xss-protection":"0","x-frame-options":"SAMEORIGIN","x-content-type-options":"nosniff","alt-svc":"h3-27=\":443\"; ma=2592000,h3-25=\":443\"; ma=2592000,h3-Q050=\":443\"; ma=2592000,h3-Q049=\":443\"; ma=2592000,h3-Q048=\":443\"; ma=2592000,h3-Q046=\":443\"; ma=2592000,h3-Q043=\":443\"; ma=2592000,quic=\":443\"; ma=2592000; v=\"46,43\"","accept-ranges":"none","transfer-encoding":"chunked"}
[debug] [2020-05-08T19:52:35.140Z] >>> HTTP REQUEST GET https://cloudfunctions.googleapis.com/v1/operations/dGVzdC1kZW1vLWNiMGZkL3VzLWNlbnRyYWwxL2FwaS83S2xmZGZKZ3FXMA  
 
[debug] [2020-05-08T19:52:35.336Z] <<< HTTP RESPONSE 200 {"content-type":"application/json; charset=UTF-8","vary":"X-Origin, Referer, Origin,Accept-Encoding","date":"Fri, 08 May 2020 19:52:35 GMT","server":"ESF","cache-control":"private","x-xss-protection":"0","x-frame-options":"SAMEORIGIN","x-content-type-options":"nosniff","alt-svc":"h3-27=\":443\"; ma=2592000,h3-25=\":443\"; ma=2592000,h3-Q050=\":443\"; ma=2592000,h3-Q049=\":443\"; ma=2592000,h3-Q048=\":443\"; ma=2592000,h3-Q046=\":443\"; ma=2592000,h3-Q043=\":443\"; ma=2592000,quic=\":443\"; ma=2592000; v=\"46,43\"","accept-ranges":"none","transfer-encoding":"chunked"}
[debug] [2020-05-08T19:52:37.339Z] >>> HTTP REQUEST GET https://cloudfunctions.googleapis.com/v1/operations/dGVzdC1kZW1vLWNiMGZkL3VzLWNlbnRyYWwxL2FwaS83S2xmZGZKZ3FXMA  
 
[debug] [2020-05-08T19:52:37.503Z] <<< HTTP RESPONSE 200 {"content-type":"application/json; charset=UTF-8","vary":"X-Origin, Referer, Origin,Accept-Encoding","date":"Fri, 08 May 2020 19:52:37 GMT","server":"ESF","cache-control":"private","x-xss-protection":"0","x-frame-options":"SAMEORIGIN","x-content-type-options":"nosniff","alt-svc":"h3-27=\":443\"; ma=2592000,h3-25=\":443\"; ma=2592000,h3-Q050=\":443\"; ma=2592000,h3-Q049=\":443\"; ma=2592000,h3-Q048=\":443\"; ma=2592000,h3-Q046=\":443\"; ma=2592000,h3-Q043=\":443\"; ma=2592000,quic=\":443\"; ma=2592000; v=\"46,43\"","accept-ranges":"none","transfer-encoding":"chunked"}
[debug] [2020-05-08T19:52:39.507Z] >>> HTTP REQUEST GET https://cloudfunctions.googleapis.com/v1/operations/dGVzdC1kZW1vLWNiMGZkL3VzLWNlbnRyYWwxL2FwaS83S2xmZGZKZ3FXMA  
 
[debug] [2020-05-08T19:52:39.645Z] <<< HTTP RESPONSE 200 {"content-type":"application/json; charset=UTF-8","vary":"X-Origin, Referer, Origin,Accept-Encoding","date":"Fri, 08 May 2020 19:52:39 GMT","server":"ESF","cache-control":"private","x-xss-protection":"0","x-frame-options":"SAMEORIGIN","x-content-type-options":"nosniff","alt-svc":"h3-27=\":443\"; ma=2592000,h3-25=\":443\"; ma=2592000,h3-Q050=\":443\"; ma=2592000,h3-Q049=\":443\"; ma=2592000,h3-Q048=\":443\"; ma=2592000,h3-Q046=\":443\"; ma=2592000,h3-Q043=\":443\"; ma=2592000,quic=\":443\"; ma=2592000; v=\"46,43\"","accept-ranges":"none","transfer-encoding":"chunked"}
[debug] [2020-05-08T19:52:41.648Z] >>> HTTP REQUEST GET https://cloudfunctions.googleapis.com/v1/operations/dGVzdC1kZW1vLWNiMGZkL3VzLWNlbnRyYWwxL2FwaS83S2xmZGZKZ3FXMA  
 
[debug] [2020-05-08T19:52:41.810Z] <<< HTTP RESPONSE 200 {"content-type":"application/json; charset=UTF-8","vary":"X-Origin, Referer, Origin,Accept-Encoding","date":"Fri, 08 May 2020 19:52:41 GMT","server":"ESF","cache-control":"private","x-xss-protection":"0","x-frame-options":"SAMEORIGIN","x-content-type-options":"nosniff","alt-svc":"h3-27=\":443\"; ma=2592000,h3-25=\":443\"; ma=2592000,h3-Q050=\":443\"; ma=2592000,h3-Q049=\":443\"; ma=2592000,h3-Q048=\":443\"; ma=2592000,h3-Q046=\":443\"; ma=2592000,h3-Q043=\":443\"; ma=2592000,quic=\":443\"; ma=2592000; v=\"46,43\"","accept-ranges":"none","transfer-encoding":"chunked"}
[debug] [2020-05-08T19:52:43.811Z] >>> HTTP REQUEST GET https://cloudfunctions.googleapis.com/v1/operations/dGVzdC1kZW1vLWNiMGZkL3VzLWNlbnRyYWwxL2FwaS83S2xmZGZKZ3FXMA  
 
[debug] [2020-05-08T19:52:43.960Z] <<< HTTP RESPONSE 200 {"content-type":"application/json; charset=UTF-8","vary":"X-Origin, Referer, Origin,Accept-Encoding","date":"Fri, 08 May 2020 19:52:43 GMT","server":"ESF","cache-control":"private","x-xss-protection":"0","x-frame-options":"SAMEORIGIN","x-content-type-options":"nosniff","alt-svc":"h3-27=\":443\"; ma=2592000,h3-25=\":443\"; ma=2592000,h3-Q050=\":443\"; ma=2592000,h3-Q049=\":443\"; ma=2592000,h3-Q048=\":443\"; ma=2592000,h3-Q046=\":443\"; ma=2592000,h3-Q043=\":443\"; ma=2592000,quic=\":443\"; ma=2592000; v=\"46,43\"","accept-ranges":"none","transfer-encoding":"chunked"}
[debug] [2020-05-08T19:52:45.964Z] >>> HTTP REQUEST GET https://cloudfunctions.googleapis.com/v1/operations/dGVzdC1kZW1vLWNiMGZkL3VzLWNlbnRyYWwxL2FwaS83S2xmZGZKZ3FXMA  
 
[debug] [2020-05-08T19:52:46.149Z] <<< HTTP RESPONSE 200 {"content-type":"application/json; charset=UTF-8","vary":"X-Origin, Referer, Origin,Accept-Encoding","date":"Fri, 08 May 2020 19:52:46 GMT","server":"ESF","cache-control":"private","x-xss-protection":"0","x-frame-options":"SAMEORIGIN","x-content-type-options":"nosniff","alt-svc":"h3-27=\":443\"; ma=2592000,h3-25=\":443\"; ma=2592000,h3-Q050=\":443\"; ma=2592000,h3-Q049=\":443\"; ma=2592000,h3-Q048=\":443\"; ma=2592000,h3-Q046=\":443\"; ma=2592000,h3-Q043=\":443\"; ma=2592000,quic=\":443\"; ma=2592000; v=\"46,43\"","accept-ranges":"none","transfer-encoding":"chunked"}
[debug] [2020-05-08T19:52:48.152Z] >>> HTTP REQUEST GET https://cloudfunctions.googleapis.com/v1/operations/dGVzdC1kZW1vLWNiMGZkL3VzLWNlbnRyYWwxL2FwaS83S2xmZGZKZ3FXMA  
 
[debug] [2020-05-08T19:52:48.335Z] <<< HTTP RESPONSE 200 {"content-type":"application/json; charset=UTF-8","vary":"X-Origin, Referer, Origin,Accept-Encoding","date":"Fri, 08 May 2020 19:52:48 GMT","server":"ESF","cache-control":"private","x-xss-protection":"0","x-frame-options":"SAMEORIGIN","x-content-type-options":"nosniff","alt-svc":"h3-27=\":443\"; ma=2592000,h3-25=\":443\"; ma=2592000,h3-Q050=\":443\"; ma=2592000,h3-Q049=\":443\"; ma=2592000,h3-Q048=\":443\"; ma=2592000,h3-Q046=\":443\"; ma=2592000,h3-Q043=\":443\"; ma=2592000,quic=\":443\"; ma=2592000; v=\"46,43\"","accept-ranges":"none","transfer-encoding":"chunked"}
[debug] [2020-05-08T19:52:50.338Z] >>> HTTP REQUEST GET https://cloudfunctions.googleapis.com/v1/operations/dGVzdC1kZW1vLWNiMGZkL3VzLWNlbnRyYWwxL2FwaS83S2xmZGZKZ3FXMA  
 
[debug] [2020-05-08T19:52:50.512Z] <<< HTTP RESPONSE 200 {"content-type":"application/json; charset=UTF-8","vary":"X-Origin, Referer, Origin,Accept-Encoding","date":"Fri, 08 May 2020 19:52:50 GMT","server":"ESF","cache-control":"private","x-xss-protection":"0","x-frame-options":"SAMEORIGIN","x-content-type-options":"nosniff","alt-svc":"h3-27=\":443\"; ma=2592000,h3-25=\":443\"; ma=2592000,h3-Q050=\":443\"; ma=2592000,h3-Q049=\":443\"; ma=2592000,h3-Q048=\":443\"; ma=2592000,h3-Q046=\":443\"; ma=2592000,h3-Q043=\":443\"; ma=2592000,quic=\":443\"; ma=2592000; v=\"46,43\"","accept-ranges":"none","transfer-encoding":"chunked"}
[debug] [2020-05-08T19:52:52.519Z] >>> HTTP REQUEST GET https://cloudfunctions.googleapis.com/v1/operations/dGVzdC1kZW1vLWNiMGZkL3VzLWNlbnRyYWwxL2FwaS83S2xmZGZKZ3FXMA  
 
[debug] [2020-05-08T19:52:52.681Z] <<< HTTP RESPONSE 200 {"content-type":"application/json; charset=UTF-8","vary":"X-Origin, Referer, Origin,Accept-Encoding","date":"Fri, 08 May 2020 19:52:52 GMT","server":"ESF","cache-control":"private","x-xss-protection":"0","x-frame-options":"SAMEORIGIN","x-content-type-options":"nosniff","alt-svc":"h3-27=\":443\"; ma=2592000,h3-25=\":443\"; ma=2592000,h3-Q050=\":443\"; ma=2592000,h3-Q049=\":443\"; ma=2592000,h3-Q048=\":443\"; ma=2592000,h3-Q046=\":443\"; ma=2592000,h3-Q043=\":443\"; ma=2592000,quic=\":443\"; ma=2592000; v=\"46,43\"","accept-ranges":"none","transfer-encoding":"chunked"}
[debug] [2020-05-08T19:52:54.685Z] >>> HTTP REQUEST GET https://cloudfunctions.googleapis.com/v1/operations/dGVzdC1kZW1vLWNiMGZkL3VzLWNlbnRyYWwxL2FwaS83S2xmZGZKZ3FXMA  
 
[debug] [2020-05-08T19:52:54.810Z] <<< HTTP RESPONSE 200 {"content-type":"application/json; charset=UTF-8","vary":"X-Origin, Referer, Origin,Accept-Encoding","date":"Fri, 08 May 2020 19:52:54 GMT","server":"ESF","cache-control":"private","x-xss-protection":"0","x-frame-options":"SAMEORIGIN","x-content-type-options":"nosniff","alt-svc":"h3-27=\":443\"; ma=2592000,h3-25=\":443\"; ma=2592000,h3-Q050=\":443\"; ma=2592000,h3-Q049=\":443\"; ma=2592000,h3-Q048=\":443\"; ma=2592000,h3-Q046=\":443\"; ma=2592000,h3-Q043=\":443\"; ma=2592000,quic=\":443\"; ma=2592000; v=\"46,43\"","accept-ranges":"none","transfer-encoding":"chunked"}
[debug] [2020-05-08T19:52:56.810Z] >>> HTTP REQUEST GET https://cloudfunctions.googleapis.com/v1/operations/dGVzdC1kZW1vLWNiMGZkL3VzLWNlbnRyYWwxL2FwaS83S2xmZGZKZ3FXMA  
 
[debug] [2020-05-08T19:52:57.003Z] <<< HTTP RESPONSE 200 {"content-type":"application/json; charset=UTF-8","vary":"X-Origin, Referer, Origin,Accept-Encoding","date":"Fri, 08 May 2020 19:52:56 GMT","server":"ESF","cache-control":"private","x-xss-protection":"0","x-frame-options":"SAMEORIGIN","x-content-type-options":"nosniff","alt-svc":"h3-27=\":443\"; ma=2592000,h3-25=\":443\"; ma=2592000,h3-Q050=\":443\"; ma=2592000,h3-Q049=\":443\"; ma=2592000,h3-Q048=\":443\"; ma=2592000,h3-Q046=\":443\"; ma=2592000,h3-Q043=\":443\"; ma=2592000,quic=\":443\"; ma=2592000; v=\"46,43\"","accept-ranges":"none","transfer-encoding":"chunked"}
[debug] [2020-05-08T19:52:59.004Z] >>> HTTP REQUEST GET https://cloudfunctions.googleapis.com/v1/operations/dGVzdC1kZW1vLWNiMGZkL3VzLWNlbnRyYWwxL2FwaS83S2xmZGZKZ3FXMA  
 
[debug] [2020-05-08T19:52:59.179Z] <<< HTTP RESPONSE 200 {"content-type":"application/json; charset=UTF-8","vary":"X-Origin, Referer, Origin,Accept-Encoding","date":"Fri, 08 May 2020 19:52:59 GMT","server":"ESF","cache-control":"private","x-xss-protection":"0","x-frame-options":"SAMEORIGIN","x-content-type-options":"nosniff","alt-svc":"h3-27=\":443\"; ma=2592000,h3-25=\":443\"; ma=2592000,h3-Q050=\":443\"; ma=2592000,h3-Q049=\":443\"; ma=2592000,h3-Q048=\":443\"; ma=2592000,h3-Q046=\":443\"; ma=2592000,h3-Q043=\":443\"; ma=2592000,quic=\":443\"; ma=2592000; v=\"46,43\"","accept-ranges":"none","transfer-encoding":"chunked"}
[debug] [2020-05-08T19:53:01.182Z] >>> HTTP REQUEST GET https://cloudfunctions.googleapis.com/v1/operations/dGVzdC1kZW1vLWNiMGZkL3VzLWNlbnRyYWwxL2FwaS83S2xmZGZKZ3FXMA  
 
[debug] [2020-05-08T19:53:01.415Z] <<< HTTP RESPONSE 200 {"content-type":"application/json; charset=UTF-8","vary":"X-Origin, Referer, Origin,Accept-Encoding","date":"Fri, 08 May 2020 19:53:01 GMT","server":"ESF","cache-control":"private","x-xss-protection":"0","x-frame-options":"SAMEORIGIN","x-content-type-options":"nosniff","alt-svc":"h3-27=\":443\"; ma=2592000,h3-25=\":443\"; ma=2592000,h3-Q050=\":443\"; ma=2592000,h3-Q049=\":443\"; ma=2592000,h3-Q048=\":443\"; ma=2592000,h3-Q046=\":443\"; ma=2592000,h3-Q043=\":443\"; ma=2592000,quic=\":443\"; ma=2592000; v=\"46,43\"","accept-ranges":"none","transfer-encoding":"chunked"}
[debug] [2020-05-08T19:53:03.420Z] >>> HTTP REQUEST GET https://cloudfunctions.googleapis.com/v1/operations/dGVzdC1kZW1vLWNiMGZkL3VzLWNlbnRyYWwxL2FwaS83S2xmZGZKZ3FXMA  
 
[debug] [2020-05-08T19:53:03.677Z] <<< HTTP RESPONSE 200 {"content-type":"application/json; charset=UTF-8","vary":"X-Origin, Referer, Origin,Accept-Encoding","date":"Fri, 08 May 2020 19:53:03 GMT","server":"ESF","cache-control":"private","x-xss-protection":"0","x-frame-options":"SAMEORIGIN","x-content-type-options":"nosniff","alt-svc":"h3-27=\":443\"; ma=2592000,h3-25=\":443\"; ma=2592000,h3-Q050=\":443\"; ma=2592000,h3-Q049=\":443\"; ma=2592000,h3-Q048=\":443\"; ma=2592000,h3-Q046=\":443\"; ma=2592000,h3-Q043=\":443\"; ma=2592000,quic=\":443\"; ma=2592000; v=\"46,43\"","accept-ranges":"none","transfer-encoding":"chunked"}
[debug] [2020-05-08T19:53:05.682Z] >>> HTTP REQUEST GET https://cloudfunctions.googleapis.com/v1/operations/dGVzdC1kZW1vLWNiMGZkL3VzLWNlbnRyYWwxL2FwaS83S2xmZGZKZ3FXMA  
 
[debug] [2020-05-08T19:53:05.917Z] <<< HTTP RESPONSE 200 {"content-type":"application/json; charset=UTF-8","vary":"X-Origin, Referer, Origin,Accept-Encoding","date":"Fri, 08 May 2020 19:53:05 GMT","server":"ESF","cache-control":"private","x-xss-protection":"0","x-frame-options":"SAMEORIGIN","x-content-type-options":"nosniff","alt-svc":"h3-27=\":443\"; ma=2592000,h3-25=\":443\"; ma=2592000,h3-Q050=\":443\"; ma=2592000,h3-Q049=\":443\"; ma=2592000,h3-Q048=\":443\"; ma=2592000,h3-Q046=\":443\"; ma=2592000,h3-Q043=\":443\"; ma=2592000,quic=\":443\"; ma=2592000; v=\"46,43\"","accept-ranges":"none","transfer-encoding":"chunked"}
[debug] [2020-05-08T19:53:07.918Z] >>> HTTP REQUEST GET https://cloudfunctions.googleapis.com/v1/operations/dGVzdC1kZW1vLWNiMGZkL3VzLWNlbnRyYWwxL2FwaS83S2xmZGZKZ3FXMA  
 
[debug] [2020-05-08T19:53:08.100Z] <<< HTTP RESPONSE 200 {"content-type":"application/json; charset=UTF-8","vary":"X-Origin, Referer, Origin,Accept-Encoding","date":"Fri, 08 May 2020 19:53:08 GMT","server":"ESF","cache-control":"private","x-xss-protection":"0","x-frame-options":"SAMEORIGIN","x-content-type-options":"nosniff","alt-svc":"h3-27=\":443\"; ma=2592000,h3-25=\":443\"; ma=2592000,h3-Q050=\":443\"; ma=2592000,h3-Q049=\":443\"; ma=2592000,h3-Q048=\":443\"; ma=2592000,h3-Q046=\":443\"; ma=2592000,h3-Q043=\":443\"; ma=2592000,quic=\":443\"; ma=2592000; v=\"46,43\"","accept-ranges":"none","transfer-encoding":"chunked"}
[debug] [2020-05-08T19:53:10.105Z] >>> HTTP REQUEST GET https://cloudfunctions.googleapis.com/v1/operations/dGVzdC1kZW1vLWNiMGZkL3VzLWNlbnRyYWwxL2FwaS83S2xmZGZKZ3FXMA  
 
[debug] [2020-05-08T19:53:10.340Z] <<< HTTP RESPONSE 200 {"content-type":"application/json; charset=UTF-8","vary":"X-Origin, Referer, Origin,Accept-Encoding","date":"Fri, 08 May 2020 19:53:10 GMT","server":"ESF","cache-control":"private","x-xss-protection":"0","x-frame-options":"SAMEORIGIN","x-content-type-options":"nosniff","alt-svc":"h3-27=\":443\"; ma=2592000,h3-25=\":443\"; ma=2592000,h3-Q050=\":443\"; ma=2592000,h3-Q049=\":443\"; ma=2592000,h3-Q048=\":443\"; ma=2592000,h3-Q046=\":443\"; ma=2592000,h3-Q043=\":443\"; ma=2592000,quic=\":443\"; ma=2592000; v=\"46,43\"","accept-ranges":"none","transfer-encoding":"chunked"}
[debug] [2020-05-08T19:53:12.343Z] >>> HTTP REQUEST GET https://cloudfunctions.googleapis.com/v1/operations/dGVzdC1kZW1vLWNiMGZkL3VzLWNlbnRyYWwxL2FwaS83S2xmZGZKZ3FXMA  
 
[debug] [2020-05-08T19:53:12.543Z] <<< HTTP RESPONSE 200 {"content-type":"application/json; charset=UTF-8","vary":"X-Origin, Referer, Origin,Accept-Encoding","date":"Fri, 08 May 2020 19:53:12 GMT","server":"ESF","cache-control":"private","x-xss-protection":"0","x-frame-options":"SAMEORIGIN","x-content-type-options":"nosniff","alt-svc":"h3-27=\":443\"; ma=2592000,h3-25=\":443\"; ma=2592000,h3-Q050=\":443\"; ma=2592000,h3-Q049=\":443\"; ma=2592000,h3-Q048=\":443\"; ma=2592000,h3-Q046=\":443\"; ma=2592000,h3-Q043=\":443\"; ma=2592000,quic=\":443\"; ma=2592000; v=\"46,43\"","accept-ranges":"none","transfer-encoding":"chunked"}
[debug] [2020-05-08T19:53:14.544Z] >>> HTTP REQUEST GET https://cloudfunctions.googleapis.com/v1/operations/dGVzdC1kZW1vLWNiMGZkL3VzLWNlbnRyYWwxL2FwaS83S2xmZGZKZ3FXMA  
 
[debug] [2020-05-08T19:53:14.723Z] <<< HTTP RESPONSE 200 {"content-type":"application/json; charset=UTF-8","vary":"X-Origin, Referer, Origin,Accept-Encoding","date":"Fri, 08 May 2020 19:53:14 GMT","server":"ESF","cache-control":"private","x-xss-protection":"0","x-frame-options":"SAMEORIGIN","x-content-type-options":"nosniff","alt-svc":"h3-27=\":443\"; ma=2592000,h3-25=\":443\"; ma=2592000,h3-Q050=\":443\"; ma=2592000,h3-Q049=\":443\"; ma=2592000,h3-Q048=\":443\"; ma=2592000,h3-Q046=\":443\"; ma=2592000,h3-Q043=\":443\"; ma=2592000,quic=\":443\"; ma=2592000; v=\"46,43\"","accept-ranges":"none","transfer-encoding":"chunked"}
[debug] [2020-05-08T19:53:16.727Z] >>> HTTP REQUEST GET https://cloudfunctions.googleapis.com/v1/operations/dGVzdC1kZW1vLWNiMGZkL3VzLWNlbnRyYWwxL2FwaS83S2xmZGZKZ3FXMA  
 
[debug] [2020-05-08T19:53:16.898Z] <<< HTTP RESPONSE 200 {"content-type":"application/json; charset=UTF-8","vary":"X-Origin, Referer, Origin,Accept-Encoding","date":"Fri, 08 May 2020 19:53:16 GMT","server":"ESF","cache-control":"private","x-xss-protection":"0","x-frame-options":"SAMEORIGIN","x-content-type-options":"nosniff","alt-svc":"h3-27=\":443\"; ma=2592000,h3-25=\":443\"; ma=2592000,h3-Q050=\":443\"; ma=2592000,h3-Q049=\":443\"; ma=2592000,h3-Q048=\":443\"; ma=2592000,h3-Q046=\":443\"; ma=2592000,h3-Q043=\":443\"; ma=2592000,quic=\":443\"; ma=2592000; v=\"46,43\"","accept-ranges":"none","transfer-encoding":"chunked"}
[debug] [2020-05-08T19:53:18.901Z] >>> HTTP REQUEST GET https://cloudfunctions.googleapis.com/v1/operations/dGVzdC1kZW1vLWNiMGZkL3VzLWNlbnRyYWwxL2FwaS83S2xmZGZKZ3FXMA  
 
[debug] [2020-05-08T19:53:19.137Z] <<< HTTP RESPONSE 200 {"content-type":"application/json; charset=UTF-8","vary":"X-Origin, Referer, Origin,Accept-Encoding","date":"Fri, 08 May 2020 19:53:19 GMT","server":"ESF","cache-control":"private","x-xss-protection":"0","x-frame-options":"SAMEORIGIN","x-content-type-options":"nosniff","alt-svc":"h3-27=\":443\"; ma=2592000,h3-25=\":443\"; ma=2592000,h3-Q050=\":443\"; ma=2592000,h3-Q049=\":443\"; ma=2592000,h3-Q048=\":443\"; ma=2592000,h3-Q046=\":443\"; ma=2592000,h3-Q043=\":443\"; ma=2592000,quic=\":443\"; ma=2592000; v=\"46,43\"","accept-ranges":"none","transfer-encoding":"chunked"}
[debug] [2020-05-08T19:53:21.142Z] >>> HTTP REQUEST GET https://cloudfunctions.googleapis.com/v1/operations/dGVzdC1kZW1vLWNiMGZkL3VzLWNlbnRyYWwxL2FwaS83S2xmZGZKZ3FXMA  
 
[debug] [2020-05-08T19:53:21.381Z] <<< HTTP RESPONSE 200 {"content-type":"application/json; charset=UTF-8","vary":"X-Origin, Referer, Origin,Accept-Encoding","date":"Fri, 08 May 2020 19:53:21 GMT","server":"ESF","cache-control":"private","x-xss-protection":"0","x-frame-options":"SAMEORIGIN","x-content-type-options":"nosniff","alt-svc":"h3-27=\":443\"; ma=2592000,h3-25=\":443\"; ma=2592000,h3-Q050=\":443\"; ma=2592000,h3-Q049=\":443\"; ma=2592000,h3-Q048=\":443\"; ma=2592000,h3-Q046=\":443\"; ma=2592000,h3-Q043=\":443\"; ma=2592000,quic=\":443\"; ma=2592000; v=\"46,43\"","accept-ranges":"none","transfer-encoding":"chunked"}
[debug] [2020-05-08T19:53:23.384Z] >>> HTTP REQUEST GET https://cloudfunctions.googleapis.com/v1/operations/dGVzdC1kZW1vLWNiMGZkL3VzLWNlbnRyYWwxL2FwaS83S2xmZGZKZ3FXMA  
 
[debug] [2020-05-08T19:53:23.558Z] <<< HTTP RESPONSE 200 {"content-type":"application/json; charset=UTF-8","vary":"X-Origin, Referer, Origin,Accept-Encoding","date":"Fri, 08 May 2020 19:53:23 GMT","server":"ESF","cache-control":"private","x-xss-protection":"0","x-frame-options":"SAMEORIGIN","x-content-type-options":"nosniff","alt-svc":"h3-27=\":443\"; ma=2592000,h3-25=\":443\"; ma=2592000,h3-Q050=\":443\"; ma=2592000,h3-Q049=\":443\"; ma=2592000,h3-Q048=\":443\"; ma=2592000,h3-Q046=\":443\"; ma=2592000,h3-Q043=\":443\"; ma=2592000,quic=\":443\"; ma=2592000; v=\"46,43\"","accept-ranges":"none","transfer-encoding":"chunked"}
[debug] [2020-05-08T19:53:25.563Z] >>> HTTP REQUEST GET https://cloudfunctions.googleapis.com/v1/operations/dGVzdC1kZW1vLWNiMGZkL3VzLWNlbnRyYWwxL2FwaS83S2xmZGZKZ3FXMA  
 
[debug] [2020-05-08T19:53:25.799Z] <<< HTTP RESPONSE 200 {"content-type":"application/json; charset=UTF-8","vary":"X-Origin, Referer, Origin,Accept-Encoding","date":"Fri, 08 May 2020 19:53:25 GMT","server":"ESF","cache-control":"private","x-xss-protection":"0","x-frame-options":"SAMEORIGIN","x-content-type-options":"nosniff","alt-svc":"h3-27=\":443\"; ma=2592000,h3-25=\":443\"; ma=2592000,h3-Q050=\":443\"; ma=2592000,h3-Q049=\":443\"; ma=2592000,h3-Q048=\":443\"; ma=2592000,h3-Q046=\":443\"; ma=2592000,h3-Q043=\":443\"; ma=2592000,quic=\":443\"; ma=2592000; v=\"46,43\"","accept-ranges":"none","transfer-encoding":"chunked"}
[debug] [2020-05-08T19:53:27.800Z] >>> HTTP REQUEST GET https://cloudfunctions.googleapis.com/v1/operations/dGVzdC1kZW1vLWNiMGZkL3VzLWNlbnRyYWwxL2FwaS83S2xmZGZKZ3FXMA  
 
[debug] [2020-05-08T19:53:28.083Z] <<< HTTP RESPONSE 200 {"content-type":"application/json; charset=UTF-8","vary":"X-Origin, Referer, Origin,Accept-Encoding","date":"Fri, 08 May 2020 19:53:28 GMT","server":"ESF","cache-control":"private","x-xss-protection":"0","x-frame-options":"SAMEORIGIN","x-content-type-options":"nosniff","alt-svc":"h3-27=\":443\"; ma=2592000,h3-25=\":443\"; ma=2592000,h3-Q050=\":443\"; ma=2592000,h3-Q049=\":443\"; ma=2592000,h3-Q048=\":443\"; ma=2592000,h3-Q046=\":443\"; ma=2592000,h3-Q043=\":443\"; ma=2592000,quic=\":443\"; ma=2592000; v=\"46,43\"","accept-ranges":"none","transfer-encoding":"chunked"}
[debug] [2020-05-08T19:53:30.085Z] >>> HTTP REQUEST GET https://cloudfunctions.googleapis.com/v1/operations/dGVzdC1kZW1vLWNiMGZkL3VzLWNlbnRyYWwxL2FwaS83S2xmZGZKZ3FXMA  
 
[debug] [2020-05-08T19:53:30.268Z] <<< HTTP RESPONSE 200 {"content-type":"application/json; charset=UTF-8","vary":"X-Origin, Referer, Origin,Accept-Encoding","date":"Fri, 08 May 2020 19:53:30 GMT","server":"ESF","cache-control":"private","x-xss-protection":"0","x-frame-options":"SAMEORIGIN","x-content-type-options":"nosniff","alt-svc":"h3-27=\":443\"; ma=2592000,h3-25=\":443\"; ma=2592000,h3-Q050=\":443\"; ma=2592000,h3-Q049=\":443\"; ma=2592000,h3-Q048=\":443\"; ma=2592000,h3-Q046=\":443\"; ma=2592000,h3-Q043=\":443\"; ma=2592000,quic=\":443\"; ma=2592000; v=\"46,43\"","accept-ranges":"none","transfer-encoding":"chunked"}
[debug] [2020-05-08T19:53:32.273Z] >>> HTTP REQUEST GET https://cloudfunctions.googleapis.com/v1/operations/dGVzdC1kZW1vLWNiMGZkL3VzLWNlbnRyYWwxL2FwaS83S2xmZGZKZ3FXMA  
 
[debug] [2020-05-08T19:53:32.549Z] <<< HTTP RESPONSE 200 {"content-type":"application/json; charset=UTF-8","vary":"X-Origin, Referer, Origin,Accept-Encoding","date":"Fri, 08 May 2020 19:53:32 GMT","server":"ESF","cache-control":"private","x-xss-protection":"0","x-frame-options":"SAMEORIGIN","x-content-type-options":"nosniff","alt-svc":"h3-27=\":443\"; ma=2592000,h3-25=\":443\"; ma=2592000,h3-Q050=\":443\"; ma=2592000,h3-Q049=\":443\"; ma=2592000,h3-Q048=\":443\"; ma=2592000,h3-Q046=\":443\"; ma=2592000,h3-Q043=\":443\"; ma=2592000,quic=\":443\"; ma=2592000; v=\"46,43\"","accept-ranges":"none","transfer-encoding":"chunked"}
[debug] [2020-05-08T19:53:34.551Z] >>> HTTP REQUEST GET https://cloudfunctions.googleapis.com/v1/operations/dGVzdC1kZW1vLWNiMGZkL3VzLWNlbnRyYWwxL2FwaS83S2xmZGZKZ3FXMA  
 
[debug] [2020-05-08T19:53:34.805Z] <<< HTTP RESPONSE 200 {"content-type":"application/json; charset=UTF-8","vary":"X-Origin, Referer, Origin,Accept-Encoding","date":"Fri, 08 May 2020 19:53:34 GMT","server":"ESF","cache-control":"private","x-xss-protection":"0","x-frame-options":"SAMEORIGIN","x-content-type-options":"nosniff","alt-svc":"h3-27=\":443\"; ma=2592000,h3-25=\":443\"; ma=2592000,h3-Q050=\":443\"; ma=2592000,h3-Q049=\":443\"; ma=2592000,h3-Q048=\":443\"; ma=2592000,h3-Q046=\":443\"; ma=2592000,h3-Q043=\":443\"; ma=2592000,quic=\":443\"; ma=2592000; v=\"46,43\"","accept-ranges":"none","transfer-encoding":"chunked"}
[debug] [2020-05-08T19:53:36.807Z] >>> HTTP REQUEST GET https://cloudfunctions.googleapis.com/v1/operations/dGVzdC1kZW1vLWNiMGZkL3VzLWNlbnRyYWwxL2FwaS83S2xmZGZKZ3FXMA  
 
[debug] [2020-05-08T19:53:37.129Z] <<< HTTP RESPONSE 200 {"content-type":"application/json; charset=UTF-8","vary":"X-Origin, Referer, Origin,Accept-Encoding","date":"Fri, 08 May 2020 19:53:37 GMT","server":"ESF","cache-control":"private","x-xss-protection":"0","x-frame-options":"SAMEORIGIN","x-content-type-options":"nosniff","alt-svc":"h3-27=\":443\"; ma=2592000,h3-25=\":443\"; ma=2592000,h3-Q050=\":443\"; ma=2592000,h3-Q049=\":443\"; ma=2592000,h3-Q048=\":443\"; ma=2592000,h3-Q046=\":443\"; ma=2592000,h3-Q043=\":443\"; ma=2592000,quic=\":443\"; ma=2592000; v=\"46,43\"","accept-ranges":"none","transfer-encoding":"chunked"}
